<?xml version="1.0" encoding="UTF-8"?>
<testng-results ignored="0" total="0" passed="0" failed="0" skipped="0">
  <reporter-output>
  </reporter-output>
  <suite started-at="2021-07-11T20:19:29 ICT" name="Surefire suite" finished-at="2021-07-11T20:19:30 ICT" duration-ms="342">
    <groups>
    </groups>
    <test started-at="2021-07-11T20:19:29 ICT" name="Surefire test" finished-at="2021-07-11T20:19:30 ICT" duration-ms="342">
    </test> <!-- Surefire test -->
  </suite> <!-- Surefire suite -->
</testng-results>
